<?xml version="1.0" encoding="UTF-8"?>
<coverage generated="1678384897636" clover="3.2.0">
  <project timestamp="1678384897637" name="All files">
    <metrics statements="83" coveredstatements="72" conditionals="57" coveredconditionals="42" methods="16" coveredmethods="15" elements="156" coveredelements="129" complexity="0" loc="83" ncloc="83" packages="1" files="1" classes="1"/>
    <file name="jma-calculadora.tsx" path="C:\Cursos\REM20230214\jma-calculadora\src\components\jma-calculadora\jma-calculadora.tsx">
      <metrics statements="83" coveredstatements="72" conditionals="57" coveredconditionals="42" methods="16" coveredmethods="15"/>
      <line num="1" count="2" type="stmt"/>
      <line num="3" count="2" type="stmt"/>
      <line num="4" count="15" type="stmt"/>
      <line num="9" count="2" type="stmt"/>
      <line num="10" count="15" type="stmt"/>
      <line num="15" count="2" type="stmt"/>
      <line num="29" count="8" type="stmt"/>
      <line num="47" count="1" type="stmt"/>
      <line num="50" count="8" type="stmt"/>
      <line num="51" count="8" type="stmt"/>
      <line num="52" count="8" type="stmt"/>
      <line num="53" count="8" type="stmt"/>
      <line num="54" count="8" type="stmt"/>
      <line num="58" count="7" type="cond" truecount="1" falsecount="0"/>
      <line num="59" count="5" type="stmt"/>
      <line num="65" count="2" type="cond" truecount="1" falsecount="0"/>
      <line num="66" count="2" type="stmt"/>
      <line num="67" count="2" type="stmt"/>
      <line num="68" count="2" type="stmt"/>
      <line num="73" count="56" type="cond" truecount="1" falsecount="0"/>
      <line num="74" count="56" type="stmt"/>
      <line num="77" count="25" type="stmt"/>
      <line num="81" count="75" type="stmt"/>
      <line num="82" count="75" type="stmt"/>
      <line num="83" count="75" type="stmt"/>
      <line num="84" count="75" type="stmt"/>
      <line num="85" count="75" type="stmt"/>
      <line num="89" count="50" type="cond" truecount="1" falsecount="0"/>
      <line num="90" count="14" type="stmt"/>
      <line num="91" count="50" type="cond" truecount="4" falsecount="0"/>
      <line num="92" count="3" type="stmt"/>
      <line num="93" count="3" type="stmt"/>
      <line num="95" count="47" type="cond" truecount="4" falsecount="0"/>
      <line num="96" count="24" type="stmt"/>
      <line num="97" count="24" type="stmt"/>
      <line num="99" count="23" type="stmt"/>
      <line num="103" count="74" type="cond" truecount="5" falsecount="0"/>
      <line num="104" count="70" type="stmt"/>
      <line num="105" count="70" type="stmt"/>
      <line num="107" count="4" type="stmt"/>
      <line num="112" count="3" type="cond" truecount="2" falsecount="0"/>
      <line num="113" count="1" type="stmt"/>
      <line num="114" count="1" type="stmt"/>
      <line num="115" count="2" type="cond" truecount="2" falsecount="0"/>
      <line num="116" count="1" type="stmt"/>
      <line num="118" count="1" type="stmt"/>
      <line num="123" count="6" type="cond" truecount="6" falsecount="0"/>
      <line num="124" count="2" type="stmt"/>
      <line num="125" count="2" type="stmt"/>
      <line num="127" count="4" type="stmt"/>
      <line num="131" count="4" type="stmt"/>
      <line num="132" count="4" type="cond" truecount="0" falsecount="1"/>
      <line num="133" count="0" type="stmt"/>
      <line num="138" count="63" type="cond" truecount="1" falsecount="0"/>
      <line num="139" count="7" type="stmt"/>
      <line num="140" count="7" type="stmt"/>
      <line num="143" count="56" type="stmt"/>
      <line num="144" count="56" type="cond" truecount="4" falsecount="0"/>
      <line num="146" count="35" type="stmt"/>
      <line num="147" count="35" type="stmt"/>
      <line num="149" count="5" type="stmt"/>
      <line num="150" count="5" type="stmt"/>
      <line num="152" count="9" type="stmt"/>
      <line num="153" count="9" type="stmt"/>
      <line num="155" count="7" type="stmt"/>
      <line num="156" count="7" type="stmt"/>
      <line num="160" count="56" type="cond" truecount="2" falsecount="0"/>
      <line num="163" count="56" type="stmt"/>
      <line num="165" count="56" type="stmt"/>
      <line num="166" count="56" type="stmt"/>
      <line num="167" count="56" type="stmt"/>
      <line num="168" count="56" type="cond" truecount="1" falsecount="0"/>
      <line num="173" count="0" type="cond" truecount="0" falsecount="4"/>
      <line num="174" count="0" type="stmt"/>
      <line num="175" count="0" type="cond" truecount="0" falsecount="2"/>
      <line num="176" count="0" type="stmt"/>
      <line num="178" count="0" type="cond" truecount="0" falsecount="4"/>
      <line num="179" count="0" type="cond" truecount="0" falsecount="1"/>
      <line num="180" count="0" type="cond" truecount="0" falsecount="1"/>
      <line num="181" count="0" type="stmt"/>
      <line num="182" count="0" type="stmt"/>
      <line num="184" count="0" type="cond" truecount="0" falsecount="1"/>
      <line num="188" count="15" type="stmt"/>
    </file>
  </project>
</coverage>
