{"C:\\Cursos\\REM20230214\\jma-calculadora\\src\\components\\jma-calculadora\\jma-calculadora.tsx": {"path":"C:\\Cursos\\REM20230214\\jma-calculadora\\src\\components\\jma-calculadora\\jma-calculadora.tsx","statementMap":{"0":{"start":{"line":1,"column":0},"end":{"line":1,"column":115}},"1":{"start":{"line":3,"column":17},"end":{"line":6,"column":null}},"2":{"start":{"line":4,"column":2},"end":{"line":5,"column":null}},"3":{"start":{"line":9,"column":16},"end":{"line":12,"column":null}},"4":{"start":{"line":10,"column":2},"end":{"line":11,"column":null}},"5":{"start":{"line":52,"column":2},"end":{"line":52,"column":16}},"6":{"start":{"line":53,"column":2},"end":{"line":53,"column":17}},"7":{"start":{"line":54,"column":2},"end":{"line":54,"column":17}},"8":{"start":{"line":29,"column":24},"end":{"line":29,"column":null}},"9":{"start":{"line":50,"column":22},"end":{"line":50,"column":null}},"10":{"start":{"line":51,"column":21},"end":{"line":51,"column":null}},"11":{"start":{"line":47,"column":4},"end":{"line":47,"column":23}},"12":{"start":{"line":58,"column":4},"end":{"line":60,"column":null}},"13":{"start":{"line":59,"column":6},"end":{"line":59,"column":null}},"14":{"start":{"line":65,"column":4},"end":{"line":69,"column":null}},"15":{"start":{"line":66,"column":22},"end":{"line":66,"column":34}},"16":{"start":{"line":67,"column":6},"end":{"line":67,"column":33}},"17":{"start":{"line":68,"column":6},"end":{"line":68,"column":null}},"18":{"start":{"line":73,"column":4},"end":{"line":73,"column":48}},"19":{"start":{"line":73,"column":29},"end":{"line":73,"column":48}},"20":{"start":{"line":74,"column":4},"end":{"line":74,"column":29}},"21":{"start":{"line":77,"column":4},"end":{"line":77,"column":29}},"22":{"start":{"line":81,"column":4},"end":{"line":81,"column":23}},"23":{"start":{"line":82,"column":4},"end":{"line":82,"column":24}},"24":{"start":{"line":83,"column":4},"end":{"line":83,"column":37}},"25":{"start":{"line":84,"column":4},"end":{"line":84,"column":22}},"26":{"start":{"line":85,"column":4},"end":{"line":85,"column":24}},"27":{"start":{"line":89,"column":4},"end":{"line":90,"column":31}},"28":{"start":{"line":90,"column":6},"end":{"line":90,"column":31}},"29":{"start":{"line":91,"column":4},"end":{"line":94,"column":null}},"30":{"start":{"line":92,"column":6},"end":{"line":92,"column":48}},"31":{"start":{"line":93,"column":6},"end":{"line":93,"column":13}},"32":{"start":{"line":95,"column":4},"end":{"line":99,"column":29}},"33":{"start":{"line":96,"column":6},"end":{"line":96,"column":28}},"34":{"start":{"line":97,"column":6},"end":{"line":97,"column":27}},"35":{"start":{"line":99,"column":6},"end":{"line":99,"column":29}},"36":{"start":{"line":103,"column":4},"end":{"line":108,"column":null}},"37":{"start":{"line":104,"column":6},"end":{"line":104,"column":39}},"38":{"start":{"line":105,"column":6},"end":{"line":105,"column":27}},"39":{"start":{"line":107,"column":6},"end":{"line":107,"column":48}},"40":{"start":{"line":112,"column":4},"end":{"line":119,"column":null}},"41":{"start":{"line":113,"column":6},"end":{"line":113,"column":27}},"42":{"start":{"line":114,"column":6},"end":{"line":114,"column":27}},"43":{"start":{"line":115,"column":11},"end":{"line":119,"column":null}},"44":{"start":{"line":116,"column":6},"end":{"line":116,"column":27}},"45":{"start":{"line":118,"column":6},"end":{"line":118,"column":38}},"46":{"start":{"line":123,"column":4},"end":{"line":127,"column":75}},"47":{"start":{"line":124,"column":6},"end":{"line":124,"column":26}},"48":{"start":{"line":125,"column":6},"end":{"line":125,"column":26}},"49":{"start":{"line":127,"column":6},"end":{"line":127,"column":75}},"50":{"start":{"line":131,"column":4},"end":{"line":131,"column":48}},"51":{"start":{"line":132,"column":4},"end":{"line":134,"column":null}},"52":{"start":{"line":133,"column":6},"end":{"line":133,"column":39}},"53":{"start":{"line":138,"column":4},"end":{"line":141,"column":null}},"54":{"start":{"line":139,"column":6},"end":{"line":139,"column":56}},"55":{"start":{"line":140,"column":6},"end":{"line":140,"column":13}},"56":{"start":{"line":143,"column":21},"end":{"line":143,"column":46}},"57":{"start":{"line":144,"column":4},"end":{"line":157,"column":null}},"58":{"start":{"line":146,"column":8},"end":{"line":146,"column":35}},"59":{"start":{"line":147,"column":8},"end":{"line":147,"column":14}},"60":{"start":{"line":149,"column":8},"end":{"line":149,"column":35}},"61":{"start":{"line":150,"column":8},"end":{"line":150,"column":14}},"62":{"start":{"line":152,"column":8},"end":{"line":152,"column":35}},"63":{"start":{"line":153,"column":8},"end":{"line":153,"column":14}},"64":{"start":{"line":155,"column":8},"end":{"line":155,"column":35}},"65":{"start":{"line":156,"column":8},"end":{"line":156,"column":14}},"66":{"start":{"line":160,"column":4},"end":{"line":160,"column":70}},"67":{"start":{"line":163,"column":4},"end":{"line":163,"column":74}},"68":{"start":{"line":165,"column":4},"end":{"line":165,"column":26}},"69":{"start":{"line":166,"column":4},"end":{"line":166,"column":24}},"70":{"start":{"line":167,"column":4},"end":{"line":167,"column":38}},"71":{"start":{"line":168,"column":4},"end":{"line":168,"column":57}},"72":{"start":{"line":168,"column":23},"end":{"line":168,"column":57}},"73":{"start":{"line":173,"column":4},"end":{"line":183,"column":null}},"74":{"start":{"line":174,"column":6},"end":{"line":174,"column":null}},"75":{"start":{"line":175,"column":9},"end":{"line":183,"column":null}},"76":{"start":{"line":176,"column":6},"end":{"line":176,"column":null}},"77":{"start":{"line":178,"column":4},"end":{"line":183,"column":null}},"78":{"start":{"line":179,"column":16},"end":{"line":179,"column":54}},"79":{"start":{"line":179,"column":39},"end":{"line":179,"column":54}},"80":{"start":{"line":179,"column":56},"end":{"line":179,"column":62}},"81":{"start":{"line":180,"column":16},"end":{"line":180,"column":53}},"82":{"start":{"line":180,"column":38},"end":{"line":180,"column":53}},"83":{"start":{"line":180,"column":55},"end":{"line":180,"column":61}},"84":{"start":{"line":181,"column":24},"end":{"line":181,"column":38}},"85":{"start":{"line":181,"column":39},"end":{"line":181,"column":45}},"86":{"start":{"line":182,"column":16},"end":{"line":182,"column":30}},"87":{"start":{"line":182,"column":31},"end":{"line":182,"column":37}},"88":{"start":{"line":184,"column":4},"end":{"line":184,"column":null}},"89":{"start":{"line":184,"column":22},"end":{"line":184,"column":null}},"90":{"start":{"line":188,"column":4},"end":{"line":214,"column":6}},"91":{"start":{"line":15,"column":0},"end":{"line":15,"column":null}}},"fnMap":{"0":{"name":"(anonymous_0)","decl":{"start":{"line":3,"column":17},"end":{"line":3,"column":22}},"loc":{"start":{"line":4,"column":2},"end":{"line":5,"column":null}}},"1":{"name":"(anonymous_1)","decl":{"start":{"line":9,"column":16},"end":{"line":9,"column":17}},"loc":{"start":{"line":10,"column":2},"end":{"line":11,"column":null}}},"2":{"name":"(anonymous_3)","decl":{"start":{"line":46,"column":2},"end":{"line":46,"column":7}},"loc":{"start":{"line":46,"column":22},"end":{"line":48,"column":3}}},"3":{"name":"(anonymous_4)","decl":{"start":{"line":56,"column":2},"end":{"line":56,"column":19}},"loc":{"start":{"line":56,"column":19},"end":{"line":61,"column":3}}},"4":{"name":"(anonymous_5)","decl":{"start":{"line":64,"column":2},"end":{"line":64,"column":19}},"loc":{"start":{"line":64,"column":54},"end":{"line":70,"column":3}}},"5":{"name":"(anonymous_6)","decl":{"start":{"line":72,"column":12},"end":{"line":72,"column":24}},"loc":{"start":{"line":72,"column":38},"end":{"line":75,"column":3}}},"6":{"name":"(anonymous_7)","decl":{"start":{"line":76,"column":12},"end":{"line":76,"column":24}},"loc":{"start":{"line":76,"column":38},"end":{"line":78,"column":3}}},"7":{"name":"(anonymous_8)","decl":{"start":{"line":80,"column":2},"end":{"line":80,"column":8}},"loc":{"start":{"line":80,"column":18},"end":{"line":86,"column":3}}},"8":{"name":"(anonymous_9)","decl":{"start":{"line":88,"column":2},"end":{"line":88,"column":11}},"loc":{"start":{"line":88,"column":34},"end":{"line":100,"column":3}}},"9":{"name":"(anonymous_10)","decl":{"start":{"line":102,"column":2},"end":{"line":102,"column":13}},"loc":{"start":{"line":102,"column":36},"end":{"line":109,"column":3}}},"10":{"name":"(anonymous_11)","decl":{"start":{"line":111,"column":2},"end":{"line":111,"column":9}},"loc":{"start":{"line":111,"column":9},"end":{"line":120,"column":3}}},"11":{"name":"(anonymous_12)","decl":{"start":{"line":122,"column":2},"end":{"line":122,"column":8}},"loc":{"start":{"line":122,"column":8},"end":{"line":128,"column":3}}},"12":{"name":"(anonymous_13)","decl":{"start":{"line":130,"column":2},"end":{"line":130,"column":13}},"loc":{"start":{"line":130,"column":13},"end":{"line":135,"column":3}}},"13":{"name":"(anonymous_14)","decl":{"start":{"line":137,"column":2},"end":{"line":137,"column":9}},"loc":{"start":{"line":137,"column":23},"end":{"line":169,"column":3}}},"14":{"name":"(anonymous_15)","decl":{"start":{"line":172,"column":2},"end":{"line":172,"column":15}},"loc":{"start":{"line":172,"column":33},"end":{"line":185,"column":3}}},"15":{"name":"(anonymous_16)","decl":{"start":{"line":187,"column":2},"end":{"line":187,"column":8}},"loc":{"start":{"line":187,"column":8},"end":{"line":215,"column":3}}}},"branchMap":{"0":{"loc":{"start":{"line":5,"column":5},"end":{"line":5,"column":69}},"type":"cond-expr","locations":[{"start":{"line":5,"column":18},"end":{"line":5,"column":52}},{"start":{"line":5,"column":55},"end":{"line":5,"column":69}}]},"1":{"loc":{"start":{"line":11,"column":5},"end":{"line":11,"column":49}},"type":"cond-expr","locations":[{"start":{"line":11,"column":12},"end":{"line":11,"column":39}},{"start":{"line":11,"column":42},"end":{"line":11,"column":49}}]},"2":{"loc":{"start":{"line":46,"column":13},"end":{"line":46,"column":22}},"type":"default-arg","locations":[{"start":{"line":46,"column":21},"end":{"line":46,"column":22}}]},"3":{"loc":{"start":{"line":58,"column":4},"end":{"line":60,"column":null}},"type":"if","locations":[{"start":{"line":58,"column":4},"end":{"line":60,"column":null}}]},"4":{"loc":{"start":{"line":65,"column":4},"end":{"line":69,"column":null}},"type":"if","locations":[{"start":{"line":65,"column":4},"end":{"line":69,"column":null}}]},"5":{"loc":{"start":{"line":73,"column":4},"end":{"line":73,"column":48}},"type":"if","locations":[{"start":{"line":73,"column":4},"end":{"line":73,"column":48}}]},"6":{"loc":{"start":{"line":80,"column":9},"end":{"line":80,"column":18}},"type":"default-arg","locations":[{"start":{"line":80,"column":17},"end":{"line":80,"column":18}}]},"7":{"loc":{"start":{"line":89,"column":4},"end":{"line":90,"column":31}},"type":"if","locations":[{"start":{"line":89,"column":4},"end":{"line":90,"column":31}}]},"8":{"loc":{"start":{"line":91,"column":4},"end":{"line":94,"column":null}},"type":"if","locations":[{"start":{"line":91,"column":4},"end":{"line":94,"column":null}}]},"9":{"loc":{"start":{"line":91,"column":8},"end":{"line":91,"column":55}},"type":"binary-expr","locations":[{"start":{"line":91,"column":8},"end":{"line":91,"column":25}},{"start":{"line":91,"column":29},"end":{"line":91,"column":40}},{"start":{"line":91,"column":44},"end":{"line":91,"column":55}}]},"10":{"loc":{"start":{"line":95,"column":4},"end":{"line":99,"column":29}},"type":"if","locations":[{"start":{"line":95,"column":4},"end":{"line":99,"column":29}},{"start":{"line":99,"column":6},"end":{"line":99,"column":29}}]},"11":{"loc":{"start":{"line":95,"column":8},"end":{"line":95,"column":44}},"type":"binary-expr","locations":[{"start":{"line":95,"column":8},"end":{"line":95,"column":20}},{"start":{"line":95,"column":24},"end":{"line":95,"column":44}}]},"12":{"loc":{"start":{"line":103,"column":4},"end":{"line":108,"column":null}},"type":"if","locations":[{"start":{"line":103,"column":4},"end":{"line":108,"column":null}},{"start":{"line":106,"column":11},"end":{"line":108,"column":null}}]},"13":{"loc":{"start":{"line":103,"column":8},"end":{"line":103,"column":112}},"type":"binary-expr","locations":[{"start":{"line":103,"column":8},"end":{"line":103,"column":33}},{"start":{"line":103,"column":38},"end":{"line":103,"column":70}},{"start":{"line":103,"column":74},"end":{"line":103,"column":111}}]},"14":{"loc":{"start":{"line":112,"column":4},"end":{"line":119,"column":null}},"type":"if","locations":[{"start":{"line":112,"column":4},"end":{"line":119,"column":null}},{"start":{"line":115,"column":11},"end":{"line":119,"column":null}}]},"15":{"loc":{"start":{"line":115,"column":11},"end":{"line":119,"column":null}},"type":"if","locations":[{"start":{"line":115,"column":11},"end":{"line":119,"column":null}},{"start":{"line":117,"column":11},"end":{"line":119,"column":null}}]},"16":{"loc":{"start":{"line":123,"column":4},"end":{"line":127,"column":75}},"type":"if","locations":[{"start":{"line":123,"column":4},"end":{"line":127,"column":75}},{"start":{"line":127,"column":6},"end":{"line":127,"column":75}}]},"17":{"loc":{"start":{"line":123,"column":8},"end":{"line":123,"column":113}},"type":"binary-expr","locations":[{"start":{"line":123,"column":8},"end":{"line":123,"column":20}},{"start":{"line":123,"column":24},"end":{"line":123,"column":49}},{"start":{"line":123,"column":54},"end":{"line":123,"column":79}},{"start":{"line":123,"column":83},"end":{"line":123,"column":112}}]},"18":{"loc":{"start":{"line":132,"column":4},"end":{"line":134,"column":null}},"type":"if","locations":[{"start":{"line":132,"column":4},"end":{"line":134,"column":null}}]},"19":{"loc":{"start":{"line":138,"column":4},"end":{"line":141,"column":null}},"type":"if","locations":[{"start":{"line":138,"column":4},"end":{"line":141,"column":null}}]},"20":{"loc":{"start":{"line":144,"column":4},"end":{"line":157,"column":null}},"type":"switch","locations":[{"start":{"line":145,"column":6},"end":{"line":147,"column":14}},{"start":{"line":148,"column":6},"end":{"line":150,"column":14}},{"start":{"line":151,"column":6},"end":{"line":153,"column":14}},{"start":{"line":154,"column":6},"end":{"line":156,"column":14}}]},"21":{"loc":{"start":{"line":160,"column":19},"end":{"line":160,"column":69}},"type":"cond-expr","locations":[{"start":{"line":160,"column":34},"end":{"line":160,"column":36}},{"start":{"line":160,"column":40},"end":{"line":160,"column":68}}]},"22":{"loc":{"start":{"line":168,"column":4},"end":{"line":168,"column":57}},"type":"if","locations":[{"start":{"line":168,"column":4},"end":{"line":168,"column":57}}]},"23":{"loc":{"start":{"line":173,"column":4},"end":{"line":183,"column":null}},"type":"if","locations":[{"start":{"line":173,"column":4},"end":{"line":183,"column":null}},{"start":{"line":175,"column":9},"end":{"line":183,"column":null}}]},"24":{"loc":{"start":{"line":173,"column":8},"end":{"line":173,"column":38}},"type":"binary-expr","locations":[{"start":{"line":173,"column":8},"end":{"line":173,"column":21}},{"start":{"line":173,"column":25},"end":{"line":173,"column":38}}]},"25":{"loc":{"start":{"line":175,"column":9},"end":{"line":183,"column":null}},"type":"if","locations":[{"start":{"line":175,"column":9},"end":{"line":183,"column":null}},{"start":{"line":178,"column":4},"end":{"line":183,"column":null}}]},"26":{"loc":{"start":{"line":178,"column":4},"end":{"line":183,"column":null}},"type":"switch","locations":[{"start":{"line":179,"column":6},"end":{"line":179,"column":62}},{"start":{"line":180,"column":6},"end":{"line":180,"column":61}},{"start":{"line":181,"column":6},"end":{"line":181,"column":45}},{"start":{"line":182,"column":6},"end":{"line":182,"column":37}}]},"27":{"loc":{"start":{"line":179,"column":16},"end":{"line":179,"column":54}},"type":"if","locations":[{"start":{"line":179,"column":16},"end":{"line":179,"column":54}}]},"28":{"loc":{"start":{"line":180,"column":16},"end":{"line":180,"column":53}},"type":"if","locations":[{"start":{"line":180,"column":16},"end":{"line":180,"column":53}}]},"29":{"loc":{"start":{"line":184,"column":4},"end":{"line":184,"column":null}},"type":"if","locations":[{"start":{"line":184,"column":4},"end":{"line":184,"column":null}}]},"30":{"loc":{"start":{"line":210,"column":56},"end":{"line":210,"column":84}},"type":"cond-expr","locations":[{"start":{"line":210,"column":75},"end":{"line":210,"column":78}},{"start":{"line":210,"column":81},"end":{"line":210,"column":84}}]}},"s":{"0":2,"1":2,"2":15,"3":2,"4":15,"5":8,"6":8,"7":8,"8":8,"9":8,"10":8,"11":1,"12":7,"13":5,"14":2,"15":2,"16":2,"17":2,"18":56,"19":47,"20":56,"21":25,"22":75,"23":75,"24":75,"25":75,"26":75,"27":50,"28":14,"29":50,"30":3,"31":3,"32":47,"33":24,"34":24,"35":23,"36":74,"37":70,"38":70,"39":4,"40":3,"41":1,"42":1,"43":2,"44":1,"45":1,"46":6,"47":2,"48":2,"49":4,"50":4,"51":4,"52":0,"53":63,"54":7,"55":7,"56":56,"57":56,"58":35,"59":35,"60":5,"61":5,"62":9,"63":9,"64":7,"65":7,"66":56,"67":56,"68":56,"69":56,"70":56,"71":56,"72":25,"73":0,"74":0,"75":0,"76":0,"77":0,"78":0,"79":0,"80":0,"81":0,"82":0,"83":0,"84":0,"85":0,"86":0,"87":0,"88":0,"89":0,"90":15,"91":2},"f":{"0":15,"1":15,"2":1,"3":7,"4":2,"5":56,"6":25,"7":75,"8":50,"9":74,"10":3,"11":6,"12":4,"13":63,"14":0,"15":15},"b":{"0":[3,12],"1":[3,12],"2":[0],"3":[5],"4":[2],"5":[47],"6":[74],"7":[14],"8":[3],"9":[50,50,48],"10":[24,23],"11":[47,23],"12":[70,4],"13":[74,18,15],"14":[1,2],"15":[1,1],"16":[2,4],"17":[6,6,5,2],"18":[0],"19":[7],"20":[35,5,9,7],"21":[25,31],"22":[25],"23":[0,0],"24":[0,0],"25":[0,0],"26":[0,0,0,0],"27":[0],"28":[0],"29":[0],"30":[3,12]}}
}
