TN:
SF:src\components\jma-calculadora\jma-calculadora.tsx
FN:3,(anonymous_0)
FN:9,(anonymous_1)
FN:46,(anonymous_3)
FN:56,(anonymous_4)
FN:64,(anonymous_5)
FN:72,(anonymous_6)
FN:76,(anonymous_7)
FN:80,(anonymous_8)
FN:88,(anonymous_9)
FN:102,(anonymous_10)
FN:111,(anonymous_11)
FN:122,(anonymous_12)
FN:130,(anonymous_13)
FN:137,(anonymous_14)
FN:172,(anonymous_15)
FN:187,(anonymous_16)
FNF:16
FNH:15
FNDA:15,(anonymous_0)
FNDA:15,(anonymous_1)
FNDA:1,(anonymous_3)
FNDA:7,(anonymous_4)
FNDA:2,(anonymous_5)
FNDA:56,(anonymous_6)
FNDA:25,(anonymous_7)
FNDA:75,(anonymous_8)
FNDA:50,(anonymous_9)
FNDA:74,(anonymous_10)
FNDA:3,(anonymous_11)
FNDA:6,(anonymous_12)
FNDA:4,(anonymous_13)
FNDA:63,(anonymous_14)
FNDA:0,(anonymous_15)
FNDA:15,(anonymous_16)
DA:1,2
DA:3,2
DA:4,15
DA:9,2
DA:10,15
DA:15,2
DA:29,8
DA:47,1
DA:50,8
DA:51,8
DA:52,8
DA:53,8
DA:54,8
DA:58,7
DA:59,5
DA:65,2
DA:66,2
DA:67,2
DA:68,2
DA:73,56
DA:74,56
DA:77,25
DA:81,75
DA:82,75
DA:83,75
DA:84,75
DA:85,75
DA:89,50
DA:90,14
DA:91,50
DA:92,3
DA:93,3
DA:95,47
DA:96,24
DA:97,24
DA:99,23
DA:103,74
DA:104,70
DA:105,70
DA:107,4
DA:112,3
DA:113,1
DA:114,1
DA:115,2
DA:116,1
DA:118,1
DA:123,6
DA:124,2
DA:125,2
DA:127,4
DA:131,4
DA:132,4
DA:133,0
DA:138,63
DA:139,7
DA:140,7
DA:143,56
DA:144,56
DA:146,35
DA:147,35
DA:149,5
DA:150,5
DA:152,9
DA:153,9
DA:155,7
DA:156,7
DA:160,56
DA:163,56
DA:165,56
DA:166,56
DA:167,56
DA:168,56
DA:173,0
DA:174,0
DA:175,0
DA:176,0
DA:178,0
DA:179,0
DA:180,0
DA:181,0
DA:182,0
DA:184,0
DA:188,15
LF:83
LH:72
BRDA:5,0,0,3
BRDA:5,0,1,12
BRDA:11,1,0,3
BRDA:11,1,1,12
BRDA:46,2,0,0
BRDA:58,3,0,5
BRDA:65,4,0,2
BRDA:73,5,0,47
BRDA:80,6,0,74
BRDA:89,7,0,14
BRDA:91,8,0,3
BRDA:91,9,0,50
BRDA:91,9,1,50
BRDA:91,9,2,48
BRDA:95,10,0,24
BRDA:95,10,1,23
BRDA:95,11,0,47
BRDA:95,11,1,23
BRDA:103,12,0,70
BRDA:103,12,1,4
BRDA:103,13,0,74
BRDA:103,13,1,18
BRDA:103,13,2,15
BRDA:112,14,0,1
BRDA:112,14,1,2
BRDA:115,15,0,1
BRDA:115,15,1,1
BRDA:123,16,0,2
BRDA:123,16,1,4
BRDA:123,17,0,6
BRDA:123,17,1,6
BRDA:123,17,2,5
BRDA:123,17,3,2
BRDA:132,18,0,0
BRDA:138,19,0,7
BRDA:144,20,0,35
BRDA:144,20,1,5
BRDA:144,20,2,9
BRDA:144,20,3,7
BRDA:160,21,0,25
BRDA:160,21,1,31
BRDA:168,22,0,25
BRDA:173,23,0,0
BRDA:173,23,1,0
BRDA:173,24,0,0
BRDA:173,24,1,0
BRDA:175,25,0,0
BRDA:175,25,1,0
BRDA:178,26,0,0
BRDA:178,26,1,0
BRDA:178,26,2,0
BRDA:178,26,3,0
BRDA:179,27,0,0
BRDA:180,28,0,0
BRDA:184,29,0,0
BRDA:210,30,0,3
BRDA:210,30,1,12
BRF:57
BRH:42
end_of_record
